c:\users\ry1yn\source\repos\15pb\mfcgameplugin\debug\mfcgameplugin.pch
c:\users\ry1yn\source\repos\15pb\mfcgameplugin\debug\vc141.pdb
c:\users\ry1yn\source\repos\15pb\mfcgameplugin\debug\vc141.idb
c:\users\ry1yn\source\repos\15pb\mfcgameplugin\debug\stdafx.obj
c:\users\ry1yn\source\repos\15pb\mfcgameplugin\debug\mfcgameplugin.obj
c:\users\ry1yn\source\repos\15pb\mfcgameplugin\debug\cmydlg.obj
c:\users\ry1yn\source\repos\15pb\debug\mfcgameplugin.ilk
c:\users\ry1yn\source\repos\15pb\debug\mfcgameplugin.dll
c:\users\ry1yn\source\repos\15pb\debug\mfcgameplugin.pdb
c:\users\ry1yn\source\repos\15pb\debug\mfcgameplugin.lib
c:\users\ry1yn\source\repos\15pb\debug\mfcgameplugin.exp
c:\users\ry1yn\source\repos\15pb\mfcgameplugin\debug\mfcgameplugin.res
c:\users\ry1yn\source\repos\15pb\mfcgameplugin\debug\mfcgameplugin.tlog\cl.command.1.tlog
c:\users\ry1yn\source\repos\15pb\mfcgameplugin\debug\mfcgameplugin.tlog\cl.read.1.tlog
c:\users\ry1yn\source\repos\15pb\mfcgameplugin\debug\mfcgameplugin.tlog\cl.write.1.tlog
c:\users\ry1yn\source\repos\15pb\mfcgameplugin\debug\mfcgameplugin.tlog\link.command.1.tlog
c:\users\ry1yn\source\repos\15pb\mfcgameplugin\debug\mfcgameplugin.tlog\link.read.1.tlog
c:\users\ry1yn\source\repos\15pb\mfcgameplugin\debug\mfcgameplugin.tlog\link.write.1.tlog
c:\users\ry1yn\source\repos\15pb\mfcgameplugin\debug\mfcgameplugin.tlog\mfcgameplugin.write.1u.tlog
c:\users\ry1yn\source\repos\15pb\mfcgameplugin\debug\mfcgameplugin.tlog\rc.command.1.tlog
c:\users\ry1yn\source\repos\15pb\mfcgameplugin\debug\mfcgameplugin.tlog\rc.read.1.tlog
c:\users\ry1yn\source\repos\15pb\mfcgameplugin\debug\mfcgameplugin.tlog\rc.write.1.tlog
